* This is the StructMobWeight report file that is output every time the server starts.
* 
* Spawn Balance Utility (SBU) will use this file ONLY if it is renamed to StructMobWeight.csv.
* Lines starting with '*' are comments and ignored
* It allows you to add and remove mobs and adjust their spawnweights for Structures
* like shipwrecks, nether fortresses, water monuments, etc.
* 
1, ad_astra_more_structures:abandoned_base, HEADING, header:ignore, 0, 0, 0
2, foolish:abandoned_bunker, HEADING, header:ignore, 0, 0, 0
3, legendary_monsters:abandoned_crypt, HEADING, header:ignore, 0, 0, 0
4, red:abandoned_house, HEADING, header:ignore, 0, 0, 0
5, red:abandoned_house, MONSTER, minecraft:witch, 50, 2, 3
6, dungeons_arise:abandoned_temple, HEADING, header:ignore, 0, 0, 0
7, dungeons_arise:abandoned_temple, MONSTER, minecraft:pillager, 50, 1, 1
8, incendium:abandoned_tower, HEADING, header:ignore, 0, 0, 0
9, alexscaves:abyssal_ruins, HEADING, header:ignore, 0, 0, 0
10, alexscaves:abyssal_ruins, MONSTER, alexscaves:mine_guardian, 50, 1, 2
11, mvs:acacia_log_pile, HEADING, header:ignore, 0, 0, 0
12, mvs:acacia_tree, HEADING, header:ignore, 0, 0, 0
13, mvs:acacia_well, HEADING, header:ignore, 0, 0, 0
14, alexscaves:acid_pit, HEADING, header:ignore, 0, 0, 0
15, cataclysm:acropolis, HEADING, header:ignore, 0, 0, 0
16, minecraft:airship, HEADING, header:ignore, 0, 0, 0
17, minecraft:airship, MONSTER, minecraft:vindicator, 60, 2, 4
18, minecraft:airshipwreck, HEADING, header:ignore, 0, 0, 0
19, minecraft:airshipwreck, MONSTER, minecraft:pillager, 60, 3, 8
20, underground_rooms:alchemy_room, HEADING, header:ignore, 0, 0, 0
21, irons_spellbooks:ancient_battleground, HEADING, header:ignore, 0, 0, 0
22, minecraft:ancient_city, HEADING, header:ignore, 0, 0, 0
23, cataclysm:ancient_factory, HEADING, header:ignore, 0, 0, 0
24, terramity:ancient_outcrop, HEADING, header:ignore, 0, 0, 0
25, legendary_monsters:ancient_stronghold, HEADING, header:ignore, 0, 0, 0
26, ati_structures:ancient_temple, HEADING, header:ignore, 0, 0, 0
27, ati_structures:ancient_temple, MONSTER, minecraft:slime, 50, 1, 2
28, deeperdarker:ancient_temple, HEADING, header:ignore, 0, 0, 0
29, legendary_monsters:ancient_tower_remains, HEADING, header:ignore, 0, 0, 0
30, ati_structures:ancient_vessel, HEADING, header:ignore, 0, 0, 0
31, mythsandlegends:ancient_vestiges, HEADING, header:ignore, 0, 0, 0
32, mythsandlegends:ancient_vestiges, MONSTER, mythsandlegends:possessed_armor, 50, 1, 1
33, traveloptics:aqua_mage_tower, HEADING, header:ignore, 0, 0, 0
34, traveloptics:aqua_mage_tower, CREATURE, minecraft:parrot, 50, 1, 4
35, ati_structures:arachnid_dwelling, HEADING, header:ignore, 0, 0, 0
36, ars_additions:arcane_library, HEADING, header:ignore, 0, 0, 0
37, ars_additions:arcane_library, MONSTER, ars_nouveau:wilden_guardian, 50, 5, 10
38, ars_additions:arcane_library, MONSTER, ars_nouveau:wilden_stalker, 50, 5, 10
39, ars_additions:arcane_library, MONSTER, ars_nouveau:wilden_hunter, 50, 5, 10
40, foolish:archaic_library, HEADING, header:ignore, 0, 0, 0
41, minecraft:archbishop_stronghold, HEADING, header:ignore, 0, 0, 0
42, minecraft:archbishop_stronghold, MONSTER, minecraft:pillager, 50, 1, 3
43, foolish:ashen_temple, HEADING, header:ignore, 0, 0, 0
44, mes:astral_hideaway, HEADING, header:ignore, 0, 0, 0
45, mes:astral_meteorite, HEADING, header:ignore, 0, 0, 0
46, ati_structures:ati_stoneworks, HEADING, header:ignore, 0, 0, 0
47, mvs:azelea_house, HEADING, header:ignore, 0, 0, 0
48, hexerei:baba_yaga_hut, HEADING, header:ignore, 0, 0, 0
49, explorify:badlands_pyramid, HEADING, header:ignore, 0, 0, 0
50, vintagevibes:badlands_ruins, HEADING, header:ignore, 0, 0, 0
51, dungeons_arise:bandit_towers, HEADING, header:ignore, 0, 0, 0
52, dungeons_arise:bandit_village, HEADING, header:ignore, 0, 0, 0
53, dungeons_arise:bandit_village, MONSTER, minecraft:pillager, 50, 1, 1
54, dungeons_arise:bandit_village, MONSTER, minecraft:vindicator, 50, 1, 1
55, mvs:barn, HEADING, header:ignore, 0, 0, 0
56, minecraft:bastion_remnant, HEADING, header:ignore, 0, 0, 0
57, dungeons_arise:bathhouse, HEADING, header:ignore, 0, 0, 0
58, mvs:beach_bar, HEADING, header:ignore, 0, 0, 0
59, red:beach_house, HEADING, header:ignore, 0, 0, 0
60, beachparty:beach_hut, HEADING, header:ignore, 0, 0, 0
61, mvs:bee_dome, HEADING, header:ignore, 0, 0, 0
62, tameablebeasts:beetle_nest, HEADING, header:ignore, 0, 0, 0
63, tameablebeasts:beetle_nest, CREATURE, tameablebeasts:tameable_beetle, 50, 1, 2
64, tameablebeasts:beetle_nest, CREATURE, tameablebeasts:ground_beetle, 50, 1, 2
65, mvs:bench, HEADING, header:ignore, 0, 0, 0
66, foolish:berserker_base, HEADING, header:ignore, 0, 0, 0
67, foolish:berserker_platform, HEADING, header:ignore, 0, 0, 0
68, mvs:big_oak_tree, HEADING, header:ignore, 0, 0, 0
69, red:big_oracle, HEADING, header:ignore, 0, 0, 0
70, red:birch_deforestation, HEADING, header:ignore, 0, 0, 0
71, mvs:birch_log_pile, HEADING, header:ignore, 0, 0, 0
72, mss:birch_river, HEADING, header:ignore, 0, 0, 0
73, mvs:birch_tree, HEADING, header:ignore, 0, 0, 0
74, mvs:birch_well, HEADING, header:ignore, 0, 0, 0
75, goety:black_assembly, HEADING, header:ignore, 0, 0, 0
76, explorify:black_spiral, HEADING, header:ignore, 0, 0, 0
77, underground_rooms:blacksmith_room1, HEADING, header:ignore, 0, 0, 0
78, goety:blighted_shack, HEADING, header:ignore, 0, 0, 0
79, goety:blighted_shack, MONSTER, minecraft:witch, 50, 1, 1
80, eeeabsmobs:bloody_altar, HEADING, header:ignore, 0, 0, 0
81, mvs:blue_stall, HEADING, header:ignore, 0, 0, 0
82, mvs:boulder, HEADING, header:ignore, 0, 0, 0
83, minecraft:brig, HEADING, header:ignore, 0, 0, 0
84, minecraft:brig, MONSTER, minecraft:vindicator, 60, 1, 5
85, goety:buried_ritual, HEADING, header:ignore, 0, 0, 0
86, jellyfishing:buried_treasure, HEADING, header:ignore, 0, 0, 0
87, minecraft:buried_treasure, HEADING, header:ignore, 0, 0, 0
88, cataclysm:burning_arena, HEADING, header:ignore, 0, 0, 0
89, ocean_lily_pad_village:butcherhouse, HEADING, header:ignore, 0, 0, 0
90, alexscaves:cake_cave, HEADING, header:ignore, 0, 0, 0
91, mss:calcite_house, HEADING, header:ignore, 0, 0, 0
92, explorify:campsite, HEADING, header:ignore, 0, 0, 0
93, mvs:campsite, HEADING, header:ignore, 0, 0, 0
94, mvs:cart, HEADING, header:ignore, 0, 0, 0
95, mvs:cartographer_tower, HEADING, header:ignore, 0, 0, 0
96, sgjourney:cartouche/abydos_cartouche, HEADING, header:ignore, 0, 0, 0
97, sgjourney:cartouche/chulak_cartouche_monument, HEADING, header:ignore, 0, 0, 0
98, common_stargates:cartouche/red_sandstone_cartouche_monument, HEADING, header:ignore, 0, 0, 0
99, sgjourney:cartouche/red_sandstone_cartouche_monument, HEADING, header:ignore, 0, 0, 0
100, common_stargates:cartouche/sandstone_cartouche_monument, HEADING, header:ignore, 0, 0, 0
101, sgjourney:cartouche/sandstone_cartouche_monument, HEADING, header:ignore, 0, 0, 0
102, common_stargates:cartouche/stone_cartouche_monument, HEADING, header:ignore, 0, 0, 0
103, sgjourney:cartouche/stone_cartouche_monument, HEADING, header:ignore, 0, 0, 0
104, ati_structures:castillo, HEADING, header:ignore, 0, 0, 0
105, medieval_nether:castle, HEADING, header:ignore, 0, 0, 0
106, minecraft:castle, HEADING, header:ignore, 0, 0, 0
107, minecraft:castle, MONSTER, minecraft:vindicator, 60, 1, 8
108, mss:castle_ruin, HEADING, header:ignore, 0, 0, 0
109, mvs:castle_ruins, HEADING, header:ignore, 0, 0, 0
110, mss:castle_tower, HEADING, header:ignore, 0, 0, 0
111, darkerdepths:catacombs, HEADING, header:ignore, 0, 0, 0
112, irons_spellbooks:catacombs, HEADING, header:ignore, 0, 0, 0
113, irons_spellbooks:catacombs, MONSTER, irons_spellbooks:catacombs_zombie, 50, 1, 1
114, irons_spellbooks:catacombs, MONSTER, minecraft:skeleton, 50, 1, 1
115, irons_spellbooks:catacombs, MONSTER, irons_spellbooks:necromancer, 50, 1, 1
116, undergarden:catacombs, HEADING, header:ignore, 0, 0, 0
117, undergarden:catacombs, MONSTER, undergarden:forgotten, 50, 1, 1
118, ati_structures:catalonian_castle, HEADING, header:ignore, 0, 0, 0
119, mvs:cathedral, HEADING, header:ignore, 0, 0, 0
120, mvs:cathedral, MONSTER, minecraft:skeleton, 50, 1, 2
121, mvs:cathedral, MONSTER, minecraft:zombie, 50, 2, 5
122, dungeons_arise:ceryneian_hind, HEADING, header:ignore, 0, 0, 0
123, netherexp:chapel, HEADING, header:ignore, 0, 0, 0
124, mss:cherry_river, HEADING, header:ignore, 0, 0, 0
125, mvs:cherry_tree, HEADING, header:ignore, 0, 0, 0
126, fdbosses:chesed_arena, HEADING, header:ignore, 0, 0, 0
127, windswept:chestnut_weathered_house, HEADING, header:ignore, 0, 0, 0
128, terramity:chthonian_breach, HEADING, header:ignore, 0, 0, 0
129, terramity:chthonic_cathedral, HEADING, header:ignore, 0, 0, 0
130, terramity:chthonic_dungeon, HEADING, header:ignore, 0, 0, 0
131, goety_revelation:church, HEADING, header:ignore, 0, 0, 0
132, mns:circle_blackstone, HEADING, header:ignore, 0, 0, 0
133, mns:circle_nether_brick, HEADING, header:ignore, 0, 0, 0
134, sgjourney:city/abydos_city, HEADING, header:ignore, 0, 0, 0
135, mofus_better_end_:clocktower, HEADING, header:ignore, 0, 0, 0
136, legendary_monsters:cloudy_temple, HEADING, header:ignore, 0, 0, 0
137, born_in_chaos_v1:clown_caravan_plains, HEADING, header:ignore, 0, 0, 0
138, born_in_chaos_v1:clown_caravan_savanna, HEADING, header:ignore, 0, 0, 0
139, born_in_chaos_v1:clown_caravan_taiga, HEADING, header:ignore, 0, 0, 0
140, companions:companions_babayaga, HEADING, header:ignore, 0, 0, 0
141, companions:companions_babayaga, CREATURE, minecraft:pillager, 50, 1, 1
142, companions:companions_babayaga, CREATURE, minecraft:witch, 50, 1, 1
143, companions:companions_factory, HEADING, header:ignore, 0, 0, 0
144, companions:companions_factory, CREATURE, minecraft:pillager, 50, 1, 2
145, companions:companions_monkey_temple, HEADING, header:ignore, 0, 0, 0
146, companions:companions_teddytower, HEADING, header:ignore, 0, 0, 0
147, companions:companions_teddytower, CREATURE, minecraft:pillager, 50, 1, 1
148, companions:companions_teddytower, CREATURE, minecraft:witch, 50, 1, 1
149, companions:companions_teddytower, CREATURE, minecraft:evoker, 50, 1, 1
150, companions:companions_tent, HEADING, header:ignore, 0, 0, 0
151, mns:copper_tower, HEADING, header:ignore, 0, 0, 0
152, terramity:court_of_gnomes, HEADING, header:ignore, 0, 0, 0
153, mvs:crimson_enchanting_table, HEADING, header:ignore, 0, 0, 0
154, hearths:crimson_tower, HEADING, header:ignore, 0, 0, 0
155, hearths:crimson_tower, MONSTER, minecraft:blaze, 50, 1, 2
156, hearths:crimson_tower, MONSTER, minecraft:piglin, 50, 3, 5
157, hearths:crimson_tower, MONSTER, minecraft:magma_cube, 50, 4, 4
158, mofus_better_end_:cryohouse, HEADING, header:ignore, 0, 0, 0
159, mofus_better_end_:cryostonecastle, HEADING, header:ignore, 0, 0, 0
160, goety:crypt, HEADING, header:ignore, 0, 0, 0
161, goety:crypt, MONSTER, goety:haunted_armor, 50, 1, 1
162, goety:crypt, MONSTER, goety:crypt_slime, 50, 1, 1
163, goety:crypt, MONSTER, minecraft:zombie, 50, 1, 1
164, goety:crypt, MONSTER, minecraft:skeleton, 50, 1, 1
165, goety:crypt, MONSTER, goety:reaper, 50, 1, 1
166, goety:crypt, MONSTER, goety:border_wraith, 50, 1, 1
167, goety:crypt, MONSTER, goety:bone_spider, 50, 1, 1
168, goety:crypt, MONSTER, goety:cairn_necromancer, 50, 1, 1
169, mvs:crystal, HEADING, header:ignore, 0, 0, 0
170, cataclysm:cursed_pyramid, HEADING, header:ignore, 0, 0, 0
171, hexerei:dark_coven, HEADING, header:ignore, 0, 0, 0
172, explorify:dark_forest_settlement, HEADING, header:ignore, 0, 0, 0
173, ati_structures:dark_keep, HEADING, header:ignore, 0, 0, 0
174, goety:dark_manor, HEADING, header:ignore, 0, 0, 0
175, mvs:dark_oak_log_pile, HEADING, header:ignore, 0, 0, 0
176, mvs:dark_oak_tree, HEADING, header:ignore, 0, 0, 0
177, mvs:dark_oak_well, HEADING, header:ignore, 0, 0, 0
178, ati_structures:dark_tower, HEADING, header:ignore, 0, 0, 0
179, red:dark_tower, HEADING, header:ignore, 0, 0, 0
180, red:dark_tower, MONSTER, minecraft:pillager, 50, 2, 3
181, born_in_chaos_v1:dark_tower_forest, HEADING, header:ignore, 0, 0, 0
182, born_in_chaos_v1:dark_tower_plain, HEADING, header:ignore, 0, 0, 0
183, born_in_chaos_v1:dark_tower_taiga, HEADING, header:ignore, 0, 0, 0
184, mvs:dead_tree_acacia, HEADING, header:ignore, 0, 0, 0
185, mvs:dead_tree_birch, HEADING, header:ignore, 0, 0, 0
186, mvs:dead_tree_cherry, HEADING, header:ignore, 0, 0, 0
187, mvs:dead_tree_dark_oak, HEADING, header:ignore, 0, 0, 0
188, mvs:dead_tree_jungle, HEADING, header:ignore, 0, 0, 0
189, mvs:dead_tree_mangrove, HEADING, header:ignore, 0, 0, 0
190, mvs:dead_tree_oak, HEADING, header:ignore, 0, 0, 0
191, mvs:dead_tree_spruce, HEADING, header:ignore, 0, 0, 0
192, mvs:deepslate_house, HEADING, header:ignore, 0, 0, 0
193, ati_structures:deepslate_keep, HEADING, header:ignore, 0, 0, 0
194, underground_rooms:desert_crypt, HEADING, header:ignore, 0, 0, 0
195, dungeons_arise:desert_hall, HEADING, header:ignore, 0, 0, 0
196, mvs:desert_house, HEADING, header:ignore, 0, 0, 0
197, ati_structures:desert_outpost, HEADING, header:ignore, 0, 0, 0
198, mvs:desert_pump, HEADING, header:ignore, 0, 0, 0
199, minecraft:desert_pyramid, HEADING, header:ignore, 0, 0, 0
200, minecraft:desert_pyramid, MONSTER, goety:necromancer, 50, 1, 1
201, mss:desert_pyramid, HEADING, header:ignore, 0, 0, 0
202, red:desert_pyramid, HEADING, header:ignore, 0, 0, 0
203, vintagevibes:desert_ruins, HEADING, header:ignore, 0, 0, 0
204, explorify:desert_shrine, HEADING, header:ignore, 0, 0, 0
205, mss:desert_well, HEADING, header:ignore, 0, 0, 0
206, mvs:desert_well, HEADING, header:ignore, 0, 0, 0
207, moresnifferflowers:dessert_sniffer_temple, HEADING, header:ignore, 0, 0, 0
208, netherexp:devils_bluff, HEADING, header:ignore, 0, 0, 0
209, foolish:dilapidation, HEADING, header:ignore, 0, 0, 0
210, alexscaves:dino_bowl, HEADING, header:ignore, 0, 0, 0
211, mss:diorite_house, HEADING, header:ignore, 0, 0, 0
212, ati_structures:dojo, HEADING, header:ignore, 0, 0, 0
213, medieval_nether:dome, HEADING, header:ignore, 0, 0, 0
214, alexscaves:donut_arch, HEADING, header:ignore, 0, 0, 0
215, block_factorys_bosses:dragon_tower, HEADING, header:ignore, 0, 0, 0
216, nethers_exorcism_reborn:drifter_hideout, HEADING, header:ignore, 0, 0, 0
217, mvs:duck, HEADING, header:ignore, 0, 0, 0
218, underground_rooms:dungeon, HEADING, header:ignore, 0, 0, 0
219, traveloptics:echo_shrine, HEADING, header:ignore, 0, 0, 0
220, endergetic:eetle_nest, HEADING, header:ignore, 0, 0, 0
221, endergetic:eetle_nest, MONSTER, endergetic:charger_eetle, 50, 3, 7
222, endergetic:eetle_nest, MONSTER, endergetic:glider_eetle, 50, 3, 6
223, underground_rooms:enchanting_room, HEADING, header:ignore, 0, 0, 0
224, underground_rooms:enchanting_room, MONSTER, minecraft:witch, 50, 1, 2
225, minecraft:end_city, HEADING, header:ignore, 0, 0, 0
226, minecraft:end_city, MONSTER, alexsmobs:mimicube, 50, 1, 3
227, foolish:end_keep, HEADING, header:ignore, 0, 0, 0
228, underground_rooms:end_room, HEADING, header:ignore, 0, 0, 0
229, mvs:end_scraps_1, HEADING, header:ignore, 0, 0, 0
230, mvs:end_scraps_2, HEADING, header:ignore, 0, 0, 0
231, mvs:end_scraps_3, HEADING, header:ignore, 0, 0, 0
232, mvs:end_scraps_4, HEADING, header:ignore, 0, 0, 0
233, explorify:end_shipwreck, HEADING, header:ignore, 0, 0, 0
234, end_villager_outpost:end_villager_outpost, HEADING, header:ignore, 0, 0, 0
235, mvs:end_well, HEADING, header:ignore, 0, 0, 0
236, mes:ender_spire, HEADING, header:ignore, 0, 0, 0
237, mes:enderbloom_grove, HEADING, header:ignore, 0, 0, 0
238, mes:enderkeep_courtyard, HEADING, header:ignore, 0, 0, 0
239, mofus_better_end_:endermite_mound, HEADING, header:ignore, 0, 0, 0
240, mes:enderpin_spikes, HEADING, header:ignore, 0, 0, 0
241, mes:enderskog, HEADING, header:ignore, 0, 0, 0
242, mes:enderwatch_tower, HEADING, header:ignore, 0, 0, 0
243, mofus_better_end_:endhouse, HEADING, header:ignore, 0, 0, 0
244, mofus_better_end_:endlabyrinth, HEADING, header:ignore, 0, 0, 0
245, mofus_better_end_:endmossbuildings, HEADING, header:ignore, 0, 0, 0
246, mofus_better_end_:endobservatory, HEADING, header:ignore, 0, 0, 0
247, mes:endscraps, HEADING, header:ignore, 0, 0, 0
248, irons_spellbooks:evoker_fort, HEADING, header:ignore, 0, 0, 0
249, irons_spellbooks:evoker_fort, MONSTER, minecraft:pillager, 50, 2, 3
250, irons_spellbooks:evoker_fort, MONSTER, minecraft:vindicator, 50, 4, 4
251, beachparty:excavated_treasure, HEADING, header:ignore, 0, 0, 0
252, foolish:explorers_house, HEADING, header:ignore, 0, 0, 0
253, foolish:explorers_house_aspen, HEADING, header:ignore, 0, 0, 0
254, terramity:fairy_fountain, HEADING, header:ignore, 0, 0, 0
255, born_in_chaos_v1:farm, HEADING, header:ignore, 0, 0, 0
256, ocean_lily_pad_village:farm, HEADING, header:ignore, 0, 0, 0
257, ocean_lily_pad_village:farmerhouse, HEADING, header:ignore, 0, 0, 0
258, explorify:farmstead, HEADING, header:ignore, 0, 0, 0
259, alexscaves:ferrocave, HEADING, header:ignore, 0, 0, 0
260, mvs:fire_camp, HEADING, header:ignore, 0, 0, 0
261, terramity:fire_lookout_tower, HEADING, header:ignore, 0, 0, 0
262, born_in_chaos_v1:firewell, HEADING, header:ignore, 0, 0, 0
263, ocean_lily_pad_village:fishermanhouse, HEADING, header:ignore, 0, 0, 0
264, ocean_lily_pad_village:fletcherhouse, HEADING, header:ignore, 0, 0, 0
265, mvs:floating_islands, HEADING, header:ignore, 0, 0, 0
266, foolish:flower_gb, HEADING, header:ignore, 0, 0, 0
267, foolish:flower_gp, HEADING, header:ignore, 0, 0, 0
268, foolish:flower_gy, HEADING, header:ignore, 0, 0, 0
269, mvs:flower_hole, HEADING, header:ignore, 0, 0, 0
270, red:flower_oracle, HEADING, header:ignore, 0, 0, 0
271, incendium:forbidden_castle, HEADING, header:ignore, 0, 0, 0
272, red:forest_deforestation, HEADING, header:ignore, 0, 0, 0
273, ocean_lily_pad_village:forge, HEADING, header:ignore, 0, 0, 0
274, mofus_better_end_:forgotten_town, HEADING, header:ignore, 0, 0, 0
275, undergarden:forgotten_vestige, HEADING, header:ignore, 0, 0, 0
276, mofus_better_end_:forgottenruins, HEADING, header:ignore, 0, 0, 0
277, alexscaves:forlorn_bridge, HEADING, header:ignore, 0, 0, 0
278, alexscaves:forlorn_canyon, HEADING, header:ignore, 0, 0, 0
279, medieval_buildings:fort, HEADING, header:ignore, 0, 0, 0
280, ati_structures:fortified_temple, HEADING, header:ignore, 0, 0, 0
281, minecraft:fortress, HEADING, header:ignore, 0, 0, 0
282, minecraft:fortress, MONSTER, minecraft:blaze, 50, 2, 3
283, minecraft:fortress, MONSTER, minecraft:zombified_piglin, 50, 4, 4
284, minecraft:fortress, MONSTER, minecraft:wither_skeleton, 50, 5, 5
285, minecraft:fortress, MONSTER, minecraft:skeleton, 50, 5, 5
286, minecraft:fortress, MONSTER, minecraft:magma_cube, 50, 4, 4
287, minecraft:fortress, MONSTER, cataclysm:ignited_berserker, 50, 1, 1
288, minecraft:fortress, MONSTER, celestisynth:star_monolith, 50, 1, 1
289, dungeons_arise:foundry, HEADING, header:ignore, 0, 0, 0
290, mvs:fox_hut, HEADING, header:ignore, 0, 0, 0
291, legendary_monsters:frostbitten_temple, HEADING, header:ignore, 0, 0, 0
292, cataclysm:frosted_prison, HEADING, header:ignore, 0, 0, 0
293, mowziesmobs:frostmaw_spawn, HEADING, header:ignore, 0, 0, 0
294, mss:frozen_pond, HEADING, header:ignore, 0, 0, 0
295, mvs:gallows, HEADING, header:ignore, 0, 0, 0
296, bosses_of_mass_destruction:gauntlet_arena, HEADING, header:ignore, 0, 0, 0
297, tameablebeasts:gecko_nest, HEADING, header:ignore, 0, 0, 0
298, tameablebeasts:gecko_nest, CREATURE, tameablebeasts:crested_gecko, 50, 1, 2
299, foolish:giant_hive, HEADING, header:ignore, 0, 0, 0
300, mns:giant_skull, HEADING, header:ignore, 0, 0, 0
301, foolish:giant_storm_cloud_1, HEADING, header:ignore, 0, 0, 0
302, foolish:giant_storm_cloud_2, HEADING, header:ignore, 0, 0, 0
303, foolish:giant_storm_cloud_3, HEADING, header:ignore, 0, 0, 0
304, alexscaves:gingerbread_town, HEADING, header:ignore, 0, 0, 0
305, alexscaves:gingerbread_town, MONSTER, alexscaves:gingerbread_man, 60, 4, 4
306, foolish:glacial_fortress, HEADING, header:ignore, 0, 0, 0
307, ad_astra_more_structures:glacio_tower_dungeon, HEADING, header:ignore, 0, 0, 0
308, ati_structures:gnome_hut, HEADING, header:ignore, 0, 0, 0
309, sgjourney:goauld_temple/badlands_ziggurat/badlands_ziggurat, HEADING, header:ignore, 0, 0, 0
310, sgjourney:goauld_temple/desert_pyramid/abandoned/desert_pyramid_abandoned, HEADING, header:ignore, 0, 0, 0
311, sgjourney:goauld_temple/desert_pyramid/desert_pyramid, HEADING, header:ignore, 0, 0, 0
312, sgjourney:goauld_temple/desert_pyramid/desert_pyramid, CREATURE, sgjourney:jaffa, 50, 3, 7
313, sgjourney:goauld_temple/jungle_pyramid/jungle_pyramid, HEADING, header:ignore, 0, 0, 0
314, ati_structures:granite_fort, HEADING, header:ignore, 0, 0, 0
315, born_in_chaos_v1:grave_2003wise, HEADING, header:ignore, 0, 0, 0
316, born_in_chaos_v1:grave_2_dling, HEADING, header:ignore, 0, 0, 0
317, born_in_chaos_v1:grave_d_4rk_devil_x, HEADING, header:ignore, 0, 0, 0
318, born_in_chaos_v1:grave_darktitan, HEADING, header:ignore, 0, 0, 0
319, born_in_chaos_v1:grave_derivas, HEADING, header:ignore, 0, 0, 0
320, born_in_chaos_v1:grave_euthymia, HEADING, header:ignore, 0, 0, 0
321, born_in_chaos_v1:grave_feral, HEADING, header:ignore, 0, 0, 0
322, born_in_chaos_v1:grave_fubuki_banzai, HEADING, header:ignore, 0, 0, 0
323, born_in_chaos_v1:grave_memesus, HEADING, header:ignore, 0, 0, 0
324, born_in_chaos_v1:grave_mike_and_rory, HEADING, header:ignore, 0, 0, 0
325, born_in_chaos_v1:grave_nino_4416, HEADING, header:ignore, 0, 0, 0
326, born_in_chaos_v1:grave_orion, HEADING, header:ignore, 0, 0, 0
327, born_in_chaos_v1:grave_petasi, HEADING, header:ignore, 0, 0, 0
328, born_in_chaos_v1:grave_plug, HEADING, header:ignore, 0, 0, 0
329, born_in_chaos_v1:grave_rotborne, HEADING, header:ignore, 0, 0, 0
330, born_in_chaos_v1:grave_somfunambulist, HEADING, header:ignore, 0, 0, 0
331, born_in_chaos_v1:grave_tem_187, HEADING, header:ignore, 0, 0, 0
332, born_in_chaos_v1:grave_the_gentleman_frog, HEADING, header:ignore, 0, 0, 0
333, mns:grave_yard, HEADING, header:ignore, 0, 0, 0
334, born_in_chaos_v1:gravecarrionexe, HEADING, header:ignore, 0, 0, 0
335, goety:graveyard, HEADING, header:ignore, 0, 0, 0
336, goety:graveyard, MONSTER, goety:wraith, 50, 1, 1
337, goety:graveyard, MONSTER, goety:reaper, 50, 1, 1
338, goety:graveyard, MONSTER, minecraft:zombie, 50, 1, 1
339, goety:graveyard, MONSTER, minecraft:skeleton, 50, 1, 1
340, goety:graveyard, MONSTER, goety:border_wraith, 50, 1, 1
341, mythsandlegends:graveyard, HEADING, header:ignore, 0, 0, 0
342, mythsandlegends:graveyard, MONSTER, mythsandlegends:condemned, 50, 1, 1
343, foolish:great_flickerwood, HEADING, header:ignore, 0, 0, 0
344, dungeons_arise:greenwood_pub, HEADING, header:ignore, 0, 0, 0
345, windswept:grove_weathered_house, HEADING, header:ignore, 0, 0, 0
346, ars_nouveau:guardian_wilden_den, HEADING, header:ignore, 0, 0, 0
347, ars_nouveau:guardian_wilden_den, MONSTER, ars_nouveau:wilden_guardian, 50, 1, 3
348, explorify:guide_post_cold, HEADING, header:ignore, 0, 0, 0
349, explorify:guide_post_warm, HEADING, header:ignore, 0, 0, 0
350, eeeabsmobs:guling, HEADING, header:ignore, 0, 0, 0
351, ati_structures:haunted_ruin, HEADING, header:ignore, 0, 0, 0
352, ocean_lily_pad_village:hay, HEADING, header:ignore, 0, 0, 0
353, mvs:haystack, HEADING, header:ignore, 0, 0, 0
354, dungeons_arise:heavenly_challenger, HEADING, header:ignore, 0, 0, 0
355, dungeons_arise:heavenly_challenger, MONSTER, cataclysm:endermaptera, 50, 1, 1
356, dungeons_arise:heavenly_conqueror, HEADING, header:ignore, 0, 0, 0
357, dungeons_arise:heavenly_conqueror, MONSTER, cataclysm:endermaptera, 50, 1, 1
358, dungeons_arise:heavenly_rider, HEADING, header:ignore, 0, 0, 0
359, dungeons_arise:heavenly_rider, MONSTER, cataclysm:endermaptera, 50, 1, 1
360, dungeons_revival:hell_arena, HEADING, header:ignore, 0, 0, 0
361, hexalia:herbalist_hut, HEADING, header:ignore, 0, 0, 0
362, red:herobrine_statue, HEADING, header:ignore, 0, 0, 0
363, ati_structures:herobrine_stronghold, HEADING, header:ignore, 0, 0, 0
364, underground_rooms:hidden_temple, HEADING, header:ignore, 0, 0, 0
365, mvs:horse_campsite, HEADING, header:ignore, 0, 0, 0
366, mvs:horse_pen, HEADING, header:ignore, 0, 0, 0
367, medieval_nether:house, HEADING, header:ignore, 0, 0, 0
368, mvs:house, HEADING, header:ignore, 0, 0, 0
369, medieval_buildings:house_1, HEADING, header:ignore, 0, 0, 0
370, ocean_lily_pad_village:house_1, HEADING, header:ignore, 0, 0, 0
371, medieval_buildings:house_2, HEADING, header:ignore, 0, 0, 0
372, ars_nouveau:hunter_wilden_den, HEADING, header:ignore, 0, 0, 0
373, ars_nouveau:hunter_wilden_den, MONSTER, ars_nouveau:wilden_hunter, 50, 3, 3
374, skyarena:ice_arena, HEADING, header:ignore, 0, 0, 0
375, aquamirae:ice_maze/arch, HEADING, header:ignore, 0, 0, 0
376, aquamirae:ice_maze/arch, MONSTER, aquamirae:maw, 50, 1, 2
377, aquamirae:ice_maze/arch, AMBIENT, aquamirae:golden_moth, 50, 1, 2
378, aquamirae:ice_maze/common, HEADING, header:ignore, 0, 0, 0
379, aquamirae:ice_maze/common, MONSTER, aquamirae:maw, 50, 1, 2
380, aquamirae:ice_maze/spiral, HEADING, header:ignore, 0, 0, 0
381, aquamirae:ice_maze/spiral, MONSTER, aquamirae:maw, 50, 2, 6
382, ati_structures:ice_tribe, HEADING, header:ignore, 0, 0, 0
383, ati_structures:ice_tribe, MONSTER, minecraft:pig, 50, 1, 2
384, minecraft:igloo, HEADING, header:ignore, 0, 0, 0
385, dungeons_arise:illager_campsite, HEADING, header:ignore, 0, 0, 0
386, dungeons_arise:illager_campsite, MONSTER, minecraft:pillager, 50, 1, 1
387, dungeons_arise:illager_campsite, MONSTER, minecraft:vindicator, 50, 1, 1
388, ati_structures:illager_homestead, HEADING, header:ignore, 0, 0, 0
389, ati_structures:illager_tower, HEADING, header:ignore, 0, 0, 0
390, irons_spellbooks:impaled_icebreaker, HEADING, header:ignore, 0, 0, 0
391, incendium:infernal_altar, HEADING, header:ignore, 0, 0, 0
392, foolish:infernal_factory, HEADING, header:ignore, 0, 0, 0
393, born_in_chaos_v1:infernal_pumpkin, HEADING, header:ignore, 0, 0, 0
394, terramity:infested_laboratory, HEADING, header:ignore, 0, 0, 0
395, dungeons_arise:infested_temple, HEADING, header:ignore, 0, 0, 0
396, sgjourney:jaffa_house, HEADING, header:ignore, 0, 0, 0
397, sgjourney:jaffa_house, CREATURE, sgjourney:jaffa, 50, 1, 5
398, mss:jungle, HEADING, header:ignore, 0, 0, 0
399, red:jungle_deforestation, HEADING, header:ignore, 0, 0, 0
400, ati_structures:jungle_grotto, HEADING, header:ignore, 0, 0, 0
401, mvs:jungle_log_pile, HEADING, header:ignore, 0, 0, 0
402, underground_rooms:jungle_main_room, HEADING, header:ignore, 0, 0, 0
403, mvs:jungle_palm_tree, HEADING, header:ignore, 0, 0, 0
404, dodosmobs:jungle_prison, HEADING, header:ignore, 0, 0, 0
405, minecraft:jungle_pyramid, HEADING, header:ignore, 0, 0, 0
406, red:jungle_pyramid, HEADING, header:ignore, 0, 0, 0
407, ati_structures:jungle_settlement, HEADING, header:ignore, 0, 0, 0
408, betterjungletemples:jungle_temple, HEADING, header:ignore, 0, 0, 0
409, mvs:jungle_tower, HEADING, header:ignore, 0, 0, 0
410, mvs:jungle_tree, HEADING, header:ignore, 0, 0, 0
411, mvs:jungle_well, HEADING, header:ignore, 0, 0, 0
412, foolish:kappa_dwelling, HEADING, header:ignore, 0, 0, 0
413, foolish:kappa_house, HEADING, header:ignore, 0, 0, 0
414, foolish:kappa_kolosseum, HEADING, header:ignore, 0, 0, 0
415, dungeons_arise:keep_kayra, HEADING, header:ignore, 0, 0, 0
416, dungeons_arise:kisegi_sanctuary, HEADING, header:ignore, 0, 0, 0
417, dungeonnowloading:labyrinth, HEADING, header:ignore, 0, 0, 0
418, dungeonnowloading:labyrinth, MONSTER, minecraft:spider, 60, 4, 4
419, dungeonnowloading:labyrinth, MONSTER, minecraft:zombie, 60, 4, 4
420, dungeonnowloading:labyrinth, MONSTER, minecraft:zombie_villager, 50, 1, 1
421, dungeonnowloading:labyrinth, MONSTER, minecraft:skeleton, 60, 4, 4
422, dungeonnowloading:labyrinth, MONSTER, minecraft:creeper, 60, 4, 4
423, dungeonnowloading:labyrinth, MONSTER, minecraft:slime, 60, 4, 4
424, dungeonnowloading:labyrinth, MONSTER, minecraft:enderman, 50, 1, 4
425, dungeonnowloading:labyrinth, MONSTER, minecraft:witch, 50, 1, 1
426, dungeonnowloading:labyrinth, MONSTER, minecraft:drowned, 60, 4, 4
427, dungeonnowloading:labyrinth, AMBIENT, minecraft:bat, 50, 8, 8
428, dungeonnowloading:labyrinth, UNDERGROUND_WATER_CREATURE, minecraft:glow_squid, 50, 4, 6
429, mvs:lamp_chest, HEADING, header:ignore, 0, 0, 0
430, mns:large_blackstone_pillars, HEADING, header:ignore, 0, 0, 0
431, mns:large_blackstone_walls, HEADING, header:ignore, 0, 0, 0
432, mvs:large_cart_1, HEADING, header:ignore, 0, 0, 0
433, mvs:large_cart_2, HEADING, header:ignore, 0, 0, 0
434, mvs:large_floating_island, HEADING, header:ignore, 0, 0, 0
435, mvs:large_mushroom, HEADING, header:ignore, 0, 0, 0
436, mns:large_nether_brick, HEADING, header:ignore, 0, 0, 0
437, mss:large_tower, HEADING, header:ignore, 0, 0, 0
438, mvs:large_warped_tower, HEADING, header:ignore, 0, 0, 0
439, legendary_monsters:lava_eater_spawn, HEADING, header:ignore, 0, 0, 0
440, mns:lava_pool, HEADING, header:ignore, 0, 0, 0
441, mss:leaf_hollow, HEADING, header:ignore, 0, 0, 0
442, mns:leafy_rubble, HEADING, header:ignore, 0, 0, 0
443, mvs:lecturn_garden, HEADING, header:ignore, 0, 0, 0
444, species:libra, HEADING, header:ignore, 0, 0, 0
445, ocean_lily_pad_village:library, HEADING, header:ignore, 0, 0, 0
446, underground_rooms:library1, HEADING, header:ignore, 0, 0, 0
447, bosses_of_mass_destruction:lich_tower, HEADING, header:ignore, 0, 0, 0
448, alexscaves:licowitch_tower, HEADING, header:ignore, 0, 0, 0
449, alexscaves:licowitch_tower, MONSTER, alexscaves:licowitch, 60, 1, 1
450, alexscaves:licowitch_tower, MONSTER, minecraft:witch, 50, 1, 1
451, ati_structures:lighthouse, HEADING, header:ignore, 0, 0, 0
452, ati_structures:lighthouse, MONSTER, minecraft:pig, 50, 4, 5
453, minecraft:living_tree, HEADING, header:ignore, 0, 0, 0
454, minecraft:living_tree, MONSTER, minecraft:skeleton, 50, 1, 4
455, mvs:log_ruin, HEADING, header:ignore, 0, 0, 0
456, mofus_better_end_:lonely_home, HEADING, header:ignore, 0, 0, 0
457, sorcerousnether:lost_keep, HEADING, header:ignore, 0, 0, 0
458, sorcerousnether:lost_keep, MONSTER, minecraft:skeleton, 50, 4, 5
459, sorcerousnether:lost_keep, MONSTER, minecraft:magma_cube, 50, 2, 5
460, sorcerousnether:lost_keep, MONSTER, minecraft:enderman, 50, 1, 2
461, sorcerousnether:lost_keep, MONSTER, sorcerousnether:lost, 50, 2, 3
462, mofus_better_end_:luminion_labyrinth, HEADING, header:ignore, 0, 0, 0
463, ad_astra:lunar_tower, HEADING, header:ignore, 0, 0, 0
464, ad_astra:lunarian_village, HEADING, header:ignore, 0, 0, 0
465, underground_rooms:mainroom1, HEADING, header:ignore, 0, 0, 0
466, fdbosses:malkuth_arena, HEADING, header:ignore, 0, 0, 0
467, mss:mangrove, HEADING, header:ignore, 0, 0, 0
468, explorify:mangrove_hut, HEADING, header:ignore, 0, 0, 0
469, irons_spellbooks:mangrove_hut, HEADING, header:ignore, 0, 0, 0
470, goety:mangrove_tower, HEADING, header:ignore, 0, 0, 0
471, goety:mangrove_tower, MONSTER, goety:warlock, 50, 1, 1
472, ati_structures:manor, HEADING, header:ignore, 0, 0, 0
473, ati_structures:manor, MONSTER, minecraft:pillager, 50, 1, 1
474, minecraft:mansion, HEADING, header:ignore, 0, 0, 0
475, minecraft:mansion, MONSTER, alshanex_familiars:illusionist_pet, 50, 1, 1
476, mes:manuscript_shrine, HEADING, header:ignore, 0, 0, 0
477, ati_structures:marble_chateau, HEADING, header:ignore, 0, 0, 0
478, ocean_lily_pad_village:market, HEADING, header:ignore, 0, 0, 0
479, ad_astra:mars_temple, HEADING, header:ignore, 0, 0, 0
480, ad_astra_more_structures:mars_tower_dungeon, HEADING, header:ignore, 0, 0, 0
481, ocean_lily_pad_village:mason, HEADING, header:ignore, 0, 0, 0
482, explorify:mausoleum, HEADING, header:ignore, 0, 0, 0
483, terramity:mausoleum, HEADING, header:ignore, 0, 0, 0
484, dungeons_arise:mechanical_nest, HEADING, header:ignore, 0, 0, 0
485, mvs:medium_bamboo_cart, HEADING, header:ignore, 0, 0, 0
486, mns:medium_blackstone, HEADING, header:ignore, 0, 0, 0
487, mns:medium_crimson_fungus, HEADING, header:ignore, 0, 0, 0
488, mns:medium_crimson_fungus_2, HEADING, header:ignore, 0, 0, 0
489, mns:medium_crimson_well, HEADING, header:ignore, 0, 0, 0
490, mns:medium_house, HEADING, header:ignore, 0, 0, 0
491, mns:medium_house_2, HEADING, header:ignore, 0, 0, 0
492, mvs:medium_igloo_1, HEADING, header:ignore, 0, 0, 0
493, mvs:medium_igloo_2, HEADING, header:ignore, 0, 0, 0
494, mvs:medium_oak_lantern, HEADING, header:ignore, 0, 0, 0
495, mns:medium_warped_fungus, HEADING, header:ignore, 0, 0, 0
496, mns:medium_warped_fungus_2, HEADING, header:ignore, 0, 0, 0
497, mns:medium_warped_well, HEADING, header:ignore, 0, 0, 0
498, netherexp:mega_fossil, HEADING, header:ignore, 0, 0, 0
499, netherexp:mega_fossil_campsite, HEADING, header:ignore, 0, 0, 0
500, netherexp:mega_fossil_campsite, MONSTER, minecraft:skeleton, 50, 1, 1
501, netherexp:mega_fossil_campsite, MONSTER, netherexp:vessel, 50, 1, 1
502, mes:mega_ship, HEADING, header:ignore, 0, 0, 0
503, mes:mega_ship, MONSTER, minecraft:shulker, 50, 2, 3
504, mes:mega_ship_basic, HEADING, header:ignore, 0, 0, 0
505, mes:mega_ship_basic, MONSTER, minecraft:shulker, 50, 2, 3
506, mes:mega_ship_basic, MONSTER, minecraft:enderman, 50, 3, 5
507, mes:mega_ship_crashed, HEADING, header:ignore, 0, 0, 0
508, mes:mega_ship_crashed, MONSTER, minecraft:shulker, 50, 2, 3
509, mes:mega_ship_crashed_2, HEADING, header:ignore, 0, 0, 0
510, mes:mega_ship_crashed_2, MONSTER, minecraft:shulker, 50, 2, 3
511, mes:mega_ship_crashed_deepslate, HEADING, header:ignore, 0, 0, 0
512, mes:mega_ship_crashed_deepslate, MONSTER, minecraft:shulker, 50, 1, 2
513, mes:mega_ship_deepslate, HEADING, header:ignore, 0, 0, 0
514, mes:mega_ship_deepslate, MONSTER, minecraft:shulker, 50, 2, 3
515, mes:mega_ship_deepslate, MONSTER, minecraft:enderman, 50, 3, 5
516, mes:mega_ship_deepslate_2, HEADING, header:ignore, 0, 0, 0
517, mes:mega_ship_deepslate_2, MONSTER, minecraft:shulker, 50, 2, 3
518, mes:mega_ship_deepslate_2, MONSTER, minecraft:enderman, 50, 3, 5
519, mes:mega_ship_deepslate_3, HEADING, header:ignore, 0, 0, 0
520, mes:mega_ship_deepslate_3, MONSTER, minecraft:shulker, 50, 2, 3
521, mes:mega_ship_deepslate_3, MONSTER, minecraft:enderman, 50, 3, 5
522, dungeons_arise:merchant_campsite, HEADING, header:ignore, 0, 0, 0
523, ad_astra_more_structures:mercury_arena_dungeon, HEADING, header:ignore, 0, 0, 0
524, ae2:meteorite, HEADING, header:ignore, 0, 0, 0
525, mvs:mine_with_campsite, HEADING, header:ignore, 0, 0, 0
526, minecraft:mineshaft, HEADING, header:ignore, 0, 0, 0
527, mvs:mineshaft, HEADING, header:ignore, 0, 0, 0
528, hopo:mineshaft/acacia_mineshaft, HEADING, header:ignore, 0, 0, 0
529, hopo:mineshaft/bamboo_mineshaft, HEADING, header:ignore, 0, 0, 0
530, hopo:mineshaft/biomes/dripstone_mineshaft, HEADING, header:ignore, 0, 0, 0
531, hopo:mineshaft/biomes/lush_mineshaft, HEADING, header:ignore, 0, 0, 0
532, hopo:mineshaft/birch_mineshaft, HEADING, header:ignore, 0, 0, 0
533, hopo:mineshaft/cherry_mineshaft, HEADING, header:ignore, 0, 0, 0
534, hopo:mineshaft/dark_oak_mineshaft, HEADING, header:ignore, 0, 0, 0
535, hopo:mineshaft/deepslate_mineshaft, HEADING, header:ignore, 0, 0, 0
536, hopo:mineshaft/jungle_mineshaft, HEADING, header:ignore, 0, 0, 0
537, hopo:mineshaft/mangrove_mineshaft, HEADING, header:ignore, 0, 0, 0
538, hopo:mineshaft/mud_mineshaft, HEADING, header:ignore, 0, 0, 0
539, hopo:mineshaft/oak_mineshaft, HEADING, header:ignore, 0, 0, 0
540, hopo:mineshaft/spruce_mineshaft, HEADING, header:ignore, 0, 0, 0
541, hopo:mineshaft/stone_mineshaft, HEADING, header:ignore, 0, 0, 0
542, minecraft:mineshaft_mesa, HEADING, header:ignore, 0, 0, 0
543, underground_rooms:mining_storage_room, HEADING, header:ignore, 0, 0, 0
544, dungeons_arise:mining_system, HEADING, header:ignore, 0, 0, 0
545, foolish:mire_ruins, HEADING, header:ignore, 0, 0, 0
546, mowziesmobs:monastery, HEADING, header:ignore, 0, 0, 0
547, mowziesmobs:monastery, MONSTER, mowziesmobs:bluff, 60, 1, 2
548, ati_structures:monastery_tower, HEADING, header:ignore, 0, 0, 0
549, mes:monolith, HEADING, header:ignore, 0, 0, 0
550, minecraft:monument, HEADING, header:ignore, 0, 0, 0
551, minecraft:monument, MONSTER, minecraft:guardian, 50, 2, 4
552, ad_astra:moon_dungeon, HEADING, header:ignore, 0, 0, 0
553, ad_astra_more_structures:moon_tower_dungeon, HEADING, header:ignore, 0, 0, 0
554, ati_structures:mosque, HEADING, header:ignore, 0, 0, 0
555, ati_structures:mosque, MONSTER, minecraft:pig, 50, 4, 5
556, legendary_monsters:mossy_temple, HEADING, header:ignore, 0, 0, 0
557, born_in_chaos_v1:mound_of_hounds, HEADING, header:ignore, 0, 0, 0
558, irons_spellbooks:mountain_tower, HEADING, header:ignore, 0, 0, 0
559, ati_structures:mud_tower, HEADING, header:ignore, 0, 0, 0
560, terramity:mudhut, HEADING, header:ignore, 0, 0, 0
561, mss:mushroom, HEADING, header:ignore, 0, 0, 0
562, mvs:mushroom_pond, HEADING, header:ignore, 0, 0, 0
563, mvs:mushroom_statue, HEADING, header:ignore, 0, 0, 0
564, mvs:mushroom_well, HEADING, header:ignore, 0, 0, 0
565, ad_astra_more_structures:mystical_tree, HEADING, header:ignore, 0, 0, 0
566, mes:mythic_garden, HEADING, header:ignore, 0, 0, 0
567, hexerei:nature_coven, HEADING, header:ignore, 0, 0, 0
568, minecraft:nether_city, HEADING, header:ignore, 0, 0, 0
569, minecraft:nether_city, MONSTER, minecraft:piglin, 50, 1, 5
570, mvs:nether_devil, HEADING, header:ignore, 0, 0, 0
571, minecraft:nether_fossil, HEADING, header:ignore, 0, 0, 0
572, minecraft:nether_fossil, MONSTER, alexsmobs:soul_vulture, 50, 1, 1
573, mss:nether_portal, HEADING, header:ignore, 0, 0, 0
574, incendium:nether_reactor, HEADING, header:ignore, 0, 0, 0
575, mvs:nether_well, HEADING, header:ignore, 0, 0, 0
576, hearths:netherrack_spiral, HEADING, header:ignore, 0, 0, 0
577, ars_additions:nexus_tower, HEADING, header:ignore, 0, 0, 0
578, foolish:nightshade_garden, HEADING, header:ignore, 0, 0, 0
579, forbidden_arcanus:nipa, HEADING, header:ignore, 0, 0, 0
580, forbidden_arcanus:nipa_floating, HEADING, header:ignore, 0, 0, 0
581, ati_structures:nomadic_camp, HEADING, header:ignore, 0, 0, 0
582, mvs:oak_log_pile, HEADING, header:ignore, 0, 0, 0
583, mvs:oak_tree, HEADING, header:ignore, 0, 0, 0
584, mvs:oak_well, HEADING, header:ignore, 0, 0, 0
585, born_in_chaos_v1:observation_tower_forest, HEADING, header:ignore, 0, 0, 0
586, born_in_chaos_v1:observation_tower_plains, HEADING, header:ignore, 0, 0, 0
587, bosses_of_mass_destruction:obsidilith_arena, HEADING, header:ignore, 0, 0, 0
588, minecraft:ocean_ruin_cold, HEADING, header:ignore, 0, 0, 0
589, minecraft:ocean_ruin_warm, HEADING, header:ignore, 0, 0, 0
590, mvs:ocean_tower, HEADING, header:ignore, 0, 0, 0
591, alexscaves:ocean_trench, HEADING, header:ignore, 0, 0, 0
592, ad_astra:oil_well, HEADING, header:ignore, 0, 0, 0
593, mythsandlegends:old_camp, HEADING, header:ignore, 0, 0, 0
594, ati_structures:old_fort, HEADING, header:ignore, 0, 0, 0
595, ati_structures:old_home, HEADING, header:ignore, 0, 0, 0
596, ati_structures:old_home, MONSTER, minecraft:pig, 50, 4, 5
597, ati_structures:old_residence, HEADING, header:ignore, 0, 0, 0
598, goety:ominous_blacksmith, HEADING, header:ignore, 0, 0, 0
599, mvs:orange_stall, HEADING, header:ignore, 0, 0, 0
600, mvs:out_house, HEADING, header:ignore, 0, 0, 0
601, aquamirae:outpost, HEADING, header:ignore, 0, 0, 0
602, aquamirae:outpost, MONSTER, minecraft:pillager, 50, 1, 2
603, aquamirae:outpost, MONSTER, minecraft:vindicator, 50, 1, 1
604, terramity:overgrown_facility, HEADING, header:ignore, 0, 0, 0
605, ati_structures:overgrown_outpost, HEADING, header:ignore, 0, 0, 0
606, hexerei:owl_post_office, HEADING, header:ignore, 0, 0, 0
607, species:paleontology_dig_site, HEADING, header:ignore, 0, 0, 0
608, mss:palm_island, HEADING, header:ignore, 0, 0, 0
609, red:patheon, HEADING, header:ignore, 0, 0, 0
610, mvs:paths, HEADING, header:ignore, 0, 0, 0
611, mofus_better_end_:penguinnest, HEADING, header:ignore, 0, 0, 0
612, mes:phantom_citadel, HEADING, header:ignore, 0, 0, 0
613, hopo:piglin_ruin, HEADING, header:ignore, 0, 0, 0
614, incendium:piglin_village, HEADING, header:ignore, 0, 0, 0
615, mvs:pile, HEADING, header:ignore, 0, 0, 0
616, minecraft:pillager_outpost, HEADING, header:ignore, 0, 0, 0
617, minecraft:pillager_outpost, MONSTER, minecraft:pillager, 50, 1, 1
618, windswept:pine_totem, HEADING, header:ignore, 0, 0, 0
619, galosphere:pink_salt_shrine, HEADING, header:ignore, 0, 0, 0
620, mvs:pink_stall, HEADING, header:ignore, 0, 0, 0
621, incendium:pipeline, HEADING, header:ignore, 0, 0, 0
622, minecraft:pirate_fleet, HEADING, header:ignore, 0, 0, 0
623, minecraft:pirate_fleet, MONSTER, minecraft:pillager, 60, 1, 8
624, minecraft:pirate_hideout, HEADING, header:ignore, 0, 0, 0
625, minecraft:pirate_hideout, MONSTER, minecraft:vindicator, 60, 1, 10
626, mes:placid_prairie, HEADING, header:ignore, 0, 0, 0
627, dungeons_arise:plague_asylum, HEADING, header:ignore, 0, 0, 0
628, red:plains_oracle, HEADING, header:ignore, 0, 0, 0
629, foolish:plateau_garden, HEADING, header:ignore, 0, 0, 0
630, hopo:portal, HEADING, header:ignore, 0, 0, 0
631, hopo:portal_deepslate, HEADING, header:ignore, 0, 0, 0
632, hopo:portal_dripstone, HEADING, header:ignore, 0, 0, 0
633, hopo:portal_lush, HEADING, header:ignore, 0, 0, 0
634, terramity:prismatic_pond, HEADING, header:ignore, 0, 0, 0
635, ati_structures:pufferfish_cave, HEADING, header:ignore, 0, 0, 0
636, ad_astra:pygro_tower, HEADING, header:ignore, 0, 0, 0
637, ad_astra:pygro_village, HEADING, header:ignore, 0, 0, 0
638, irons_spellbooks:pyromancer_tower, HEADING, header:ignore, 0, 0, 0
639, ati_structures:quarry, HEADING, header:ignore, 0, 0, 0
640, incendium:quartz_kitchen, HEADING, header:ignore, 0, 0, 0
641, mvs:railway, HEADING, header:ignore, 0, 0, 0
642, foolish:rainbow_sacilite_geode, HEADING, header:ignore, 0, 0, 0
643, mvs:rare_well, HEADING, header:ignore, 0, 0, 0
644, foolish:rattling_arena, HEADING, header:ignore, 0, 0, 0
645, mvs:red_stall, HEADING, header:ignore, 0, 0, 0
646, mvs:red_tower, HEADING, header:ignore, 0, 0, 0
647, dungeons_revival:redstone_mines, HEADING, header:ignore, 0, 0, 0
648, ribbits:ribbit_village, HEADING, header:ignore, 0, 0, 0
649, beachparty:ritual_circle, HEADING, header:ignore, 0, 0, 0
650, ad_astra_more_structures:rocket_launch_t1, HEADING, header:ignore, 0, 0, 0
651, mvs:rocky_well, HEADING, header:ignore, 0, 0, 0
652, tameablebeasts:roly_nest, HEADING, header:ignore, 0, 0, 0
653, tameablebeasts:roly_nest, CREATURE, tameablebeasts:giant_roly_poly, 50, 1, 2
654, darkerdepths:rope_mine_desert, HEADING, header:ignore, 0, 0, 0
655, darkerdepths:rope_mine_forest, HEADING, header:ignore, 0, 0, 0
656, dungeonsdelight:rotten_dungeon, HEADING, header:ignore, 0, 0, 0
657, ati_structures:rotten_log, HEADING, header:ignore, 0, 0, 0
658, ati_structures:rotting_temple, HEADING, header:ignore, 0, 0, 0
659, ati_structures:rotting_temple, MONSTER, minecraft:zombie, 50, 1, 3
660, ati_structures:rotting_temple_underground, HEADING, header:ignore, 0, 0, 0
661, ati_structures:rotting_temple_underground, MONSTER, minecraft:zombie, 50, 1, 3
662, mvs:ruined_beacon, HEADING, header:ignore, 0, 0, 0
663, ati_structures:ruined_castle, HEADING, header:ignore, 0, 0, 0
664, cataclysm:ruined_citadel, HEADING, header:ignore, 0, 0, 0
665, cataclysm:ruined_citadel, MONSTER, cataclysm:endermaptera, 50, 1, 1
666, incendium:ruined_lab, HEADING, header:ignore, 0, 0, 0
667, mes:ruined_pillar, HEADING, header:ignore, 0, 0, 0
668, ars_additions:ruined_portal, HEADING, header:ignore, 0, 0, 0
669, minecraft:ruined_portal, HEADING, header:ignore, 0, 0, 0
670, mns:ruined_portal, HEADING, header:ignore, 0, 0, 0
671, minecraft:ruined_portal_desert, HEADING, header:ignore, 0, 0, 0
672, minecraft:ruined_portal_jungle, HEADING, header:ignore, 0, 0, 0
673, ars_additions:ruined_portal_large, HEADING, header:ignore, 0, 0, 0
674, minecraft:ruined_portal_mountain, HEADING, header:ignore, 0, 0, 0
675, minecraft:ruined_portal_nether, HEADING, header:ignore, 0, 0, 0
676, minecraft:ruined_portal_ocean, HEADING, header:ignore, 0, 0, 0
677, minecraft:ruined_portal_swamp, HEADING, header:ignore, 0, 0, 0
678, legendary_monsters:ruined_pyramid, HEADING, header:ignore, 0, 0, 0
679, legendary_monsters:ruined_pyramid, MONSTER, legendary_monsters:bomber, 50, 1, 1
680, explorify:ruins, HEADING, header:ignore, 0, 0, 0
681, foolish:sacilic_den, HEADING, header:ignore, 0, 0, 0
682, foolish:sacilite_palace, HEADING, header:ignore, 0, 0, 0
683, incendium:sanctum, HEADING, header:ignore, 0, 0, 0
684, netherexp:sanctum, HEADING, header:ignore, 0, 0, 0
685, netherexp:sanctum, MONSTER, minecraft:skeleton, 50, 1, 3
686, netherexp:sanctum, MONSTER, netherexp:vessel, 50, 1, 2
687, netherexp:sanctum, MONSTER, netherexp:banshee, 50, 1, 1
688, netherexp:sanctum, MONSTER, netherexp:apparition, 50, 1, 1
689, block_factorys_bosses:sandworm_nest, HEADING, header:ignore, 0, 0, 0
690, mns:sandy_skull, HEADING, header:ignore, 0, 0, 0
691, foolish:scarlant_colony, HEADING, header:ignore, 0, 0, 0
692, foolish:scarlant_nest, HEADING, header:ignore, 0, 0, 0
693, dungeons_arise:scorched_mines, HEADING, header:ignore, 0, 0, 0
694, mythsandlegends:scorched_nest, HEADING, header:ignore, 0, 0, 0
695, ati_structures:sculk_deposit, HEADING, header:ignore, 0, 0, 0
696, goety:secluded_igloo, HEADING, header:ignore, 0, 0, 0
697, occult:shaded_hut, HEADING, header:ignore, 0, 0, 0
698, occult:shaded_ruins, HEADING, header:ignore, 0, 0, 0
699, occult:shaded_tower, HEADING, header:ignore, 0, 0, 0
700, mvs:shed, HEADING, header:ignore, 0, 0, 0
701, aquamirae:shelter, HEADING, header:ignore, 0, 0, 0
702, ocean_lily_pad_village:shepherd, HEADING, header:ignore, 0, 0, 0
703, aquamirae:ship, HEADING, header:ignore, 0, 0, 0
704, aquamirae:ship, MONSTER, minecraft:pillager, 50, 1, 2
705, aquamirae:ship, MONSTER, minecraft:vindicator, 50, 1, 1
706, medieval_buildings:ship, HEADING, header:ignore, 0, 0, 0
707, medieval_nether:ship, HEADING, header:ignore, 0, 0, 0
708, minecraft:shipwreck, HEADING, header:ignore, 0, 0, 0
709, minecraft:shipwreck_beached, HEADING, header:ignore, 0, 0, 0
710, medieval_nether:shrine, HEADING, header:ignore, 0, 0, 0
711, mns:shrine, HEADING, header:ignore, 0, 0, 0
712, legendary_monsters:shulker_tower, HEADING, header:ignore, 0, 0, 0
713, ati_structures:silverfish_nest, HEADING, header:ignore, 0, 0, 0
714, ati_structures:sinking_temple, HEADING, header:ignore, 0, 0, 0
715, ati_structures:sinking_temple, MONSTER, minecraft:drowned, 50, 1, 2
716, betterdungeons:skeleton_dungeon, HEADING, header:ignore, 0, 0, 0
717, betterdungeons:skeleton_dungeon, MONSTER, minecraft:skeleton, 60, 4, 15
718, legendary_monsters:skeletosaurus_nest, HEADING, header:ignore, 0, 0, 0
719, skyarena:sky_arena, HEADING, header:ignore, 0, 0, 0
720, mvs:small_acacia_lantern, HEADING, header:ignore, 0, 0, 0
721, mvs:small_bamboo_lantern, HEADING, header:ignore, 0, 0, 0
722, mvs:small_birch_lantern, HEADING, header:ignore, 0, 0, 0
723, mvs:small_campfire_lantern, HEADING, header:ignore, 0, 0, 0
724, mvs:small_cherry_lantern, HEADING, header:ignore, 0, 0, 0
725, mvs:small_copper_well, HEADING, header:ignore, 0, 0, 0
726, mvs:small_dark_oak_lantern, HEADING, header:ignore, 0, 0, 0
727, mss:small_deepslate_house, HEADING, header:ignore, 0, 0, 0
728, betterdungeons:small_dungeon, HEADING, header:ignore, 0, 0, 0
729, mvs:small_igloo, HEADING, header:ignore, 0, 0, 0
730, mvs:small_jungle_lantern, HEADING, header:ignore, 0, 0, 0
731, ati_structures:small_keep, HEADING, header:ignore, 0, 0, 0
732, mvs:small_mangrove_lantern, HEADING, header:ignore, 0, 0, 0
733, mns:small_nether_brick, HEADING, header:ignore, 0, 0, 0
734, betterdungeons:small_nether_dungeon, HEADING, header:ignore, 0, 0, 0
735, mss:small_oak_house, HEADING, header:ignore, 0, 0, 0
736, mvs:small_oak_lantern, HEADING, header:ignore, 0, 0, 0
737, mvs:small_oak_pond, HEADING, header:ignore, 0, 0, 0
738, mvs:small_pillager_tower, HEADING, header:ignore, 0, 0, 0
739, mss:small_pond, HEADING, header:ignore, 0, 0, 0
740, embers:small_ruin, HEADING, header:ignore, 0, 0, 0
741, embers:small_ruin, MONSTER, embers:ancient_golem, 50, 1, 1
742, mvs:small_ruin, HEADING, header:ignore, 0, 0, 0
743, mvs:small_ship, HEADING, header:ignore, 0, 0, 0
744, mvs:small_spruce_lantern, HEADING, header:ignore, 0, 0, 0
745, mvs:small_swamp_house, HEADING, header:ignore, 0, 0, 0
746, mss:small_tower, HEADING, header:ignore, 0, 0, 0
747, mvs:small_tower_well, HEADING, header:ignore, 0, 0, 0
748, mvs:small_well, HEADING, header:ignore, 0, 0, 0
749, mns:smoking_shrine, HEADING, header:ignore, 0, 0, 0
750, terramity:snow_fort, HEADING, header:ignore, 0, 0, 0
751, moresnifferflowers:snow_sniffer_temple, HEADING, header:ignore, 0, 0, 0
752, mvs:snowy_dog_hut, HEADING, header:ignore, 0, 0, 0
753, mvs:snowy_fossil, HEADING, header:ignore, 0, 0, 0
754, red:snowy_oracle, HEADING, header:ignore, 0, 0, 0
755, windswept:snowy_pine_totem, HEADING, header:ignore, 0, 0, 0
756, mvs:snowy_well, HEADING, header:ignore, 0, 0, 0
757, alexscaves:soda_bottle, HEADING, header:ignore, 0, 0, 0
758, cataclysm:soul_black_smith, HEADING, header:ignore, 0, 0, 0
759, mns:soul_fire, HEADING, header:ignore, 0, 0, 0
760, legendary_monsters:soul_fortress_remains, HEADING, header:ignore, 0, 0, 0
761, species:spectralibur_chamber, HEADING, header:ignore, 0, 0, 0
762, red:sphinx, HEADING, header:ignore, 0, 0, 0
763, goety:spider_den, HEADING, header:ignore, 0, 0, 0
764, goety:spider_den, MONSTER, minecraft:spider, 50, 1, 1
765, goety:spider_den, MONSTER, minecraft:cave_spider, 50, 1, 1
766, goety:spider_den, MONSTER, goety:web_spider, 50, 1, 1
767, betterdungeons:spider_dungeon, HEADING, header:ignore, 0, 0, 0
768, betterdungeons:spider_dungeon, MONSTER, minecraft:spider, 60, 4, 15
769, betterdungeons:spider_dungeon, MONSTER, minecraft:cave_spider, 50, 4, 8
770, ati_structures:spider_nest, HEADING, header:ignore, 0, 0, 0
771, ati_structures:spider_nest, MONSTER, minecraft:spider, 50, 1, 3
772, ati_structures:spider_nest, MONSTER, minecraft:cave_spider, 50, 1, 2
773, lios_outlandish_villages:spiral_tower_village, HEADING, header:ignore, 0, 0, 0
774, lios_outlandish_villages:spiral_tower_village_sea, HEADING, header:ignore, 0, 0, 0
775, mss:spruce_huts, HEADING, header:ignore, 0, 0, 0
776, mvs:spruce_log_pile, HEADING, header:ignore, 0, 0, 0
777, mvs:spruce_tree, HEADING, header:ignore, 0, 0, 0
778, mvs:spruce_well, HEADING, header:ignore, 0, 0, 0
779, ocean_lily_pad_village:stable, HEADING, header:ignore, 0, 0, 0
780, ars_nouveau:stalker_wilden_den, HEADING, header:ignore, 0, 0, 0
781, ars_nouveau:stalker_wilden_den, MONSTER, ars_nouveau:wilden_stalker, 50, 3, 3
782, ars_elemental:starbuncle_shrine, HEADING, header:ignore, 0, 0, 0
783, sgjourney:stargate/classic/pedestal/stargate_pedestal, HEADING, header:ignore, 0, 0, 0
784, sgjourney:stargate/milky_way/buried/buried_stargate, HEADING, header:ignore, 0, 0, 0
785, sgjourney:stargate/milky_way/buried/buried_stargate_badlands, HEADING, header:ignore, 0, 0, 0
786, sgjourney:stargate/milky_way/buried/buried_stargate_desert, HEADING, header:ignore, 0, 0, 0
787, common_stargates:stargate/milky_way/pedestal/stargate_pedestal, HEADING, header:ignore, 0, 0, 0
788, sgjourney:stargate/milky_way/pedestal/stargate_pedestal, HEADING, header:ignore, 0, 0, 0
789, common_stargates:stargate/milky_way/pedestal/stargate_pedestal_badlands, HEADING, header:ignore, 0, 0, 0
790, sgjourney:stargate/milky_way/pedestal/stargate_pedestal_badlands, HEADING, header:ignore, 0, 0, 0
791, common_stargates:stargate/milky_way/pedestal/stargate_pedestal_basalt, HEADING, header:ignore, 0, 0, 0
792, sgjourney:stargate/milky_way/pedestal/stargate_pedestal_cavum_tenebrae, HEADING, header:ignore, 0, 0, 0
793, sgjourney:stargate/milky_way/pedestal/stargate_pedestal_chulak, HEADING, header:ignore, 0, 0, 0
794, common_stargates:stargate/milky_way/pedestal/stargate_pedestal_deep_dark, HEADING, header:ignore, 0, 0, 0
795, sgjourney:stargate/milky_way/pedestal/stargate_pedestal_deep_dark, HEADING, header:ignore, 0, 0, 0
796, common_stargates:stargate/milky_way/pedestal/stargate_pedestal_deepslate, HEADING, header:ignore, 0, 0, 0
797, sgjourney:stargate/milky_way/pedestal/stargate_pedestal_deepslate, HEADING, header:ignore, 0, 0, 0
798, common_stargates:stargate/milky_way/pedestal/stargate_pedestal_desert, HEADING, header:ignore, 0, 0, 0
799, sgjourney:stargate/milky_way/pedestal/stargate_pedestal_desert, HEADING, header:ignore, 0, 0, 0
800, sgjourney:stargate/milky_way/pedestal/stargate_pedestal_glacio, HEADING, header:ignore, 0, 0, 0
801, common_stargates:stargate/milky_way/pedestal/stargate_pedestal_jungle, HEADING, header:ignore, 0, 0, 0
802, sgjourney:stargate/milky_way/pedestal/stargate_pedestal_jungle, HEADING, header:ignore, 0, 0, 0
803, common_stargates:stargate/milky_way/pedestal/stargate_pedestal_mushroom, HEADING, header:ignore, 0, 0, 0
804, sgjourney:stargate/milky_way/pedestal/stargate_pedestal_mushroom, HEADING, header:ignore, 0, 0, 0
805, common_stargates:stargate/milky_way/pedestal/stargate_pedestal_nether, HEADING, header:ignore, 0, 0, 0
806, sgjourney:stargate/milky_way/pedestal/stargate_pedestal_rima, HEADING, header:ignore, 0, 0, 0
807, common_stargates:stargate/milky_way/pedestal/stargate_pedestal_snow, HEADING, header:ignore, 0, 0, 0
808, sgjourney:stargate/milky_way/pedestal/stargate_pedestal_snow, HEADING, header:ignore, 0, 0, 0
809, common_stargates:stargate/milky_way/pedestal/stargate_pedestal_soul_sand, HEADING, header:ignore, 0, 0, 0
810, sgjourney:stargate/milky_way/pedestal/stargate_pedestal_unitas, HEADING, header:ignore, 0, 0, 0
811, sgjourney:stargate/milky_way/temple/abydos_pyramid, HEADING, header:ignore, 0, 0, 0
812, sgjourney:stargate/milky_way/temple/great_pyramid, HEADING, header:ignore, 0, 0, 0
813, sgjourney:stargate/milky_way/temple/stargate_temple_nether, HEADING, header:ignore, 0, 0, 0
814, sgjourney:stargate/milky_way/terra_stargate, HEADING, header:ignore, 0, 0, 0
815, sgjourney:stargate/pegasus/outpost/lantean_outpost_ocean, HEADING, header:ignore, 0, 0, 0
816, common_stargates:stargate/pegasus/outpost/pegasus_stargate_outpost, HEADING, header:ignore, 0, 0, 0
817, sgjourney:stargate/pegasus/pegasus_stargate, HEADING, header:ignore, 0, 0, 0
818, common_stargates:stargate/pegasus/pegasus_stargate_grass, HEADING, header:ignore, 0, 0, 0
819, sgjourney:stargate/universe/destiny, HEADING, header:ignore, 0, 0, 0
820, common_stargates:stargate/universe/pedestal/stargate_pedestal_end, HEADING, header:ignore, 0, 0, 0
821, sgjourney:stargate/universe/pedestal/universe_stargate_pedestal_island_end, HEADING, header:ignore, 0, 0, 0
822, mes:starlight_voyager, HEADING, header:ignore, 0, 0, 0
823, masiks_puzzle_dungeon:start, HEADING, header:ignore, 0, 0, 0
824, red:statue, HEADING, header:ignore, 0, 0, 0
825, red:statue2, HEADING, header:ignore, 0, 0, 0
826, mvs:statue_ruins, HEADING, header:ignore, 0, 0, 0
827, ati_structures:steam_house, HEADING, header:ignore, 0, 0, 0
828, foolish:stellar_portal_structure, HEADING, header:ignore, 0, 0, 0
829, mvs:stone_fountain, HEADING, header:ignore, 0, 0, 0
830, mvs:stone_pillars, HEADING, header:ignore, 0, 0, 0
831, mvs:stone_rock, HEADING, header:ignore, 0, 0, 0
832, ati_structures:storage_house, HEADING, header:ignore, 0, 0, 0
833, ati_structures:storage_shack, HEADING, header:ignore, 0, 0, 0
834, ati_structures:stray_ruins, HEADING, header:ignore, 0, 0, 0
835, integrated_stronghold:stronghold, HEADING, header:ignore, 0, 0, 0
836, integrated_stronghold:stronghold, MONSTER, minecraft:silverfish, 50, 1, 2
837, integrated_stronghold:stronghold, MONSTER, minecraft:enderman, 50, 1, 1
838, integrated_stronghold:stronghold, MONSTER, goety:necromancer, 50, 1, 1
839, minecraft:stronghold, HEADING, header:ignore, 0, 0, 0
840, minecraft:stronghold, MONSTER, goety:necromancer, 50, 1, 1
841, terramity:subterranean_shrine, HEADING, header:ignore, 0, 0, 0
842, cataclysm:sunken_city, HEADING, header:ignore, 0, 0, 0
843, mvs:sunzi_gate, HEADING, header:ignore, 0, 0, 0
844, explorify:supply_cache/birch, HEADING, header:ignore, 0, 0, 0
845, explorify:supply_cache/dark, HEADING, header:ignore, 0, 0, 0
846, explorify:supply_cache/desert, HEADING, header:ignore, 0, 0, 0
847, explorify:supply_cache/forest, HEADING, header:ignore, 0, 0, 0
848, explorify:supply_cache/jungle, HEADING, header:ignore, 0, 0, 0
849, explorify:supply_cache/mangrove, HEADING, header:ignore, 0, 0, 0
850, explorify:supply_cache/taiga, HEADING, header:ignore, 0, 0, 0
851, terramity:suspicious_shrine, HEADING, header:ignore, 0, 0, 0
852, minecraft:swamp_hut, HEADING, header:ignore, 0, 0, 0
853, minecraft:swamp_hut, MONSTER, minecraft:witch, 50, 1, 1
854, minecraft:swamp_hut, CREATURE, minecraft:cat, 50, 1, 1
855, red:swamp_pillager, HEADING, header:ignore, 0, 0, 0
856, red:swamp_pillager_mangrove, HEADING, header:ignore, 0, 0, 0
857, mns:sword, HEADING, header:ignore, 0, 0, 0
858, terramity:sword_shrine, HEADING, header:ignore, 0, 0, 0
859, mss:taiga, HEADING, header:ignore, 0, 0, 0
860, red:taiga_deforestation, HEADING, header:ignore, 0, 0, 0
861, mvs:tall_house, HEADING, header:ignore, 0, 0, 0
862, ati_structures:tavern, HEADING, header:ignore, 0, 0, 0
863, explorify:tavern, HEADING, header:ignore, 0, 0, 0
864, ocean_lily_pad_village:temple, HEADING, header:ignore, 0, 0, 0
865, dungeonnowloading:temple_of_duality, HEADING, header:ignore, 0, 0, 0
866, dungeons_arise:thornborn_towers, HEADING, header:ignore, 0, 0, 0
867, dungeons_arise:thornborn_towers, MONSTER, minecraft:zombie, 50, 1, 1
868, dungeons_arise:thornborn_towers, MONSTER, minecraft:skeleton, 50, 1, 1
869, underground_rooms:throne_room, HEADING, header:ignore, 0, 0, 0
870, foolish:thunder_tower, HEADING, header:ignore, 0, 0, 0
871, ocean_lily_pad_village:toolsmith, HEADING, header:ignore, 0, 0, 0
872, underground_rooms:torture_chamber, HEADING, header:ignore, 0, 0, 0
873, medieval_buildings:tower, HEADING, header:ignore, 0, 0, 0
874, foolish:toxic_waste_deposit, HEADING, header:ignore, 0, 0, 0
875, foolish:toxic_wreckage, HEADING, header:ignore, 0, 0, 0
876, minecraft:trail_ruins, HEADING, header:ignore, 0, 0, 0
877, mns:train, HEADING, header:ignore, 0, 0, 0
878, underground_rooms:treasure_room, HEADING, header:ignore, 0, 0, 0
879, mss:tree_1, HEADING, header:ignore, 0, 0, 0
880, mss:tree_2, HEADING, header:ignore, 0, 0, 0
881, mss:tree_3, HEADING, header:ignore, 0, 0, 0
882, mss:tree_4, HEADING, header:ignore, 0, 0, 0
883, mss:tree_5, HEADING, header:ignore, 0, 0, 0
884, mss:tree_6, HEADING, header:ignore, 0, 0, 0
885, mss:tree_7, HEADING, header:ignore, 0, 0, 0
886, mss:tree_8, HEADING, header:ignore, 0, 0, 0
887, mvs:tree_monument, HEADING, header:ignore, 0, 0, 0
888, foolish:tremor_nest, HEADING, header:ignore, 0, 0, 0
889, terramity:trial_spire, HEADING, header:ignore, 0, 0, 0
890, foolish:turmoil_camp_1, HEADING, header:ignore, 0, 0, 0
891, foolish:turmoil_camp_2, HEADING, header:ignore, 0, 0, 0
892, foolish:turmoil_camp_3, HEADING, header:ignore, 0, 0, 0
893, dungeons_arise:typhon, HEADING, header:ignore, 0, 0, 0
894, mowziesmobs:umvuthana_grove, HEADING, header:ignore, 0, 0, 0
895, underground_rooms:undead_main_room, HEADING, header:ignore, 0, 0, 0
896, alexscaves:underground_cabin, HEADING, header:ignore, 0, 0, 0
897, ati_structures:underground_monument, HEADING, header:ignore, 0, 0, 0
898, ati_structures:underwater_dungeon, HEADING, header:ignore, 0, 0, 0
899, ati_structures:underwater_dungeon, MONSTER, minecraft:drowned, 50, 1, 2
900, ati_structures:underwater_dungeon, MONSTER, minecraft:guardian, 50, 1, 2
901, block_factorys_bosses:underworld_arena, HEADING, header:ignore, 0, 0, 0
902, block_factorys_bosses:underworld_arena, MONSTER, block_factorys_bosses:soul_skeleton, 50, 1, 3
903, block_factorys_bosses:underworld_arena, MONSTER, block_factorys_bosses:soul_knight_wither_skeleton, 50, 1, 3
904, ad_astra:venus_bullet, HEADING, header:ignore, 0, 0, 0
905, ad_astra_more_structures:venus_tree_dungeon, HEADING, header:ignore, 0, 0, 0
906, mns:very_small_blackstone, HEADING, header:ignore, 0, 0, 0
907, mns:very_small_blackstone_2, HEADING, header:ignore, 0, 0, 0
908, mns:very_small_blackstone_3, HEADING, header:ignore, 0, 0, 0
909, mns:very_small_blackstone_4, HEADING, header:ignore, 0, 0, 0
910, mns:very_small_nether_brick, HEADING, header:ignore, 0, 0, 0
911, mns:very_small_nether_brick_2, HEADING, header:ignore, 0, 0, 0
912, mns:very_small_nether_brick_3, HEADING, header:ignore, 0, 0, 0
913, minecraft:village_desert, HEADING, header:ignore, 0, 0, 0
914, windswept:village_frozen, HEADING, header:ignore, 0, 0, 0
915, minecraft:village_plains, HEADING, header:ignore, 0, 0, 0
916, minecraft:village_savanna, HEADING, header:ignore, 0, 0, 0
917, minecraft:village_snowy, HEADING, header:ignore, 0, 0, 0
918, minecraft:village_taiga, HEADING, header:ignore, 0, 0, 0
919, ati_structures:villager_inn, HEADING, header:ignore, 0, 0, 0
920, mvs:villager_statue, HEADING, header:ignore, 0, 0, 0
921, bosses_of_mass_destruction:void_blossom, HEADING, header:ignore, 0, 0, 0
922, traveloptics:void_cathedral, HEADING, header:ignore, 0, 0, 0
923, alexscaves:volcano, HEADING, header:ignore, 0, 0, 0
924, mss:volcano, HEADING, header:ignore, 0, 0, 0
925, minecraft:volcano_fortress, HEADING, header:ignore, 0, 0, 0
926, minecraft:volcano_fortress, MONSTER, minecraft:vindicator, 50, 1, 8
927, ati_structures:warden_monument, HEADING, header:ignore, 0, 0, 0
928, mns:warped_dome, HEADING, header:ignore, 0, 0, 0
929, legendary_monsters:warped_fungussus_nest, HEADING, header:ignore, 0, 0, 0
930, mvs:warped_house, HEADING, header:ignore, 0, 0, 0
931, mns:warped_pool, HEADING, header:ignore, 0, 0, 0
932, hearths:warped_tower, HEADING, header:ignore, 0, 0, 0
933, hearths:warped_tower, MONSTER, minecraft:enderman, 50, 1, 2
934, hearths:warped_tower, MONSTER, minecraft:piglin, 50, 3, 5
935, hearths:warped_tower, MONSTER, minecraft:magma_cube, 50, 4, 4
936, ocean_lily_pad_village:watchtower, HEADING, header:ignore, 0, 0, 0
937, explorify:watchtower/plains, HEADING, header:ignore, 0, 0, 0
938, explorify:watchtower/savanna, HEADING, header:ignore, 0, 0, 0
939, explorify:watchtower/taiga, HEADING, header:ignore, 0, 0, 0
940, supplementaries:way_sign, HEADING, header:ignore, 0, 0, 0
941, mvs:well, HEADING, header:ignore, 0, 0, 0
942, mvs:wheat_grain_bin, HEADING, header:ignore, 0, 0, 0
943, mss:white_house, HEADING, header:ignore, 0, 0, 0
944, goety:wind_shrine, HEADING, header:ignore, 0, 0, 0
945, mvs:windmill, HEADING, header:ignore, 0, 0, 0
946, underground_rooms:wine_cellar, HEADING, header:ignore, 0, 0, 0
947, underground_rooms:wine_cellar, MONSTER, minecraft:witch, 50, 1, 2
948, epic:witch_hut, HEADING, header:ignore, 0, 0, 0
949, epic:witch_hut, WATER_AMBIENT, minecraft:witch, 50, 1, 2
950, hexerei:witch_hut, HEADING, header:ignore, 0, 0, 0
951, ati_structures:wither_cavern, HEADING, header:ignore, 0, 0, 0
952, ati_structures:wither_keep, HEADING, header:ignore, 0, 0, 0
953, mvs:wooden_wheat_farm, HEADING, header:ignore, 0, 0, 0
954, ati_structures:woodland_keep, HEADING, header:ignore, 0, 0, 0
955, species:wraptor_coop, HEADING, header:ignore, 0, 0, 0
956, mowziesmobs:wrought_chamber, HEADING, header:ignore, 0, 0, 0
957, block_factorys_bosses:yeti_hideout, HEADING, header:ignore, 0, 0, 0
958, betterdungeons:zombie_dungeon, HEADING, header:ignore, 0, 0, 0
959, betterdungeons:zombie_dungeon, MONSTER, minecraft:zombie, 60, 4, 15
